<?xml version="1.0" encoding="UTF-8"?>
<testng-results ignored="0" total="1" passed="1" failed="0" skipped="0">
  <reporter-output>
  </reporter-output>
  <suite started-at="2025-02-08T14:24:35 IST" name="Default suite" finished-at="2025-02-08T14:24:40 IST" duration-ms="5069">
    <groups>
    </groups>
    <test started-at="2025-02-08T14:24:35 IST" name="Default test" finished-at="2025-02-08T14:24:40 IST" duration-ms="5069">
      <class name="Rest_AssureAPI_Test.SwagerAPI">
        <test-method signature="APItest1()[pri:0, instance:Rest_AssureAPI_Test.SwagerAPI@74235045]" started-at="2025-02-08T14:24:35 IST" name="APItest1" finished-at="2025-02-08T14:24:40 IST" duration-ms="4986" status="PASS">
          <reporter-output>
          </reporter-output>
        </test-method> <!-- APItest1 -->
      </class> <!-- Rest_AssureAPI_Test.SwagerAPI -->
    </test> <!-- Default test -->
  </suite> <!-- Default suite -->
</testng-results>
