<?xml version="1.0" encoding="UTF-8"?>
<testng-results ignored="0" total="1" passed="1" failed="0" skipped="0">
  <reporter-output>
  </reporter-output>
  <suite started-at="2025-02-10T18:44:58 IST" name="Default suite" finished-at="2025-02-10T18:45:05 IST" duration-ms="6637">
    <groups>
    </groups>
    <test started-at="2025-02-10T18:44:58 IST" name="Default test" finished-at="2025-02-10T18:45:05 IST" duration-ms="6637">
      <class name="mevenTestData.WedApp_Testing">
        <test-method signature="test1()[pri:0, instance:mevenTestData.WedApp_Testing@51399530]" started-at="2025-02-10T18:44:58 IST" name="test1" finished-at="2025-02-10T18:45:05 IST" duration-ms="6548" status="PASS">
          <reporter-output>
          </reporter-output>
        </test-method> <!-- test1 -->
      </class> <!-- mevenTestData.WedApp_Testing -->
    </test> <!-- Default test -->
  </suite> <!-- Default suite -->
</testng-results>
